2016-12-29 15:22:23 Error: [Cake\Routing\Exception\MissingControllerException] Controller class Teste could not be found.
Request URL: /teste
Stack Trace:
#0 C:\Users\Jamilly\Desktop\Rafael\vao_fazer\vendor\cakephp\cakephp\src\Http\ControllerFactory.php(72): Cake\Http\ControllerFactory->missingController(Object(Cake\Network\Request))
#1 C:\Users\Jamilly\Desktop\Rafael\vao_fazer\vendor\cakephp\cakephp\src\Http\ActionDispatcher.php(92): Cake\Http\ControllerFactory->create(Object(Cake\Network\Request), Object(Cake\Network\Response))
#2 C:\Users\Jamilly\Desktop\Rafael\vao_fazer\vendor\cakephp\cakephp\src\Http\BaseApplication.php(83): Cake\Http\ActionDispatcher->dispatch(Object(Cake\Network\Request), Object(Cake\Network\Response))
#3 C:\Users\Jamilly\Desktop\Rafael\vao_fazer\vendor\cakephp\cakephp\src\Http\Runner.php(65): Cake\Http\BaseApplication->__invoke(Object(Zend\Diactoros\ServerRequest), Object(Zend\Diactoros\Response), Object(Cake\Http\Runner))
#4 C:\Users\Jamilly\Desktop\Rafael\vao_fazer\vendor\cakephp\cakephp\src\Routing\Middleware\RoutingMiddleware.php(62): Cake\Http\Runner->__invoke(Object(Zend\Diactoros\ServerRequest), Object(Zend\Diactoros\Response))
#5 C:\Users\Jamilly\Desktop\Rafael\vao_fazer\vendor\cakephp\cakephp\src\Http\Runner.php(65): Cake\Routing\Middleware\RoutingMiddleware->__invoke(Object(Zend\Diactoros\ServerRequest), Object(Zend\Diactoros\Response), Object(Cake\Http\Runner))
#6 C:\Users\Jamilly\Desktop\Rafael\vao_fazer\vendor\cakephp\cakephp\src\Routing\Middleware\AssetMiddleware.php(88): Cake\Http\Runner->__invoke(Object(Zend\Diactoros\ServerRequest), Object(Zend\Diactoros\Response))
#7 C:\Users\Jamilly\Desktop\Rafael\vao_fazer\vendor\cakephp\cakephp\src\Http\Runner.php(65): Cake\Routing\Middleware\AssetMiddleware->__invoke(Object(Zend\Diactoros\ServerRequest), Object(Zend\Diactoros\Response), Object(Cake\Http\Runner))
#8 C:\Users\Jamilly\Desktop\Rafael\vao_fazer\vendor\cakephp\cakephp\src\Error\Middleware\ErrorHandlerMiddleware.php(81): Cake\Http\Runner->__invoke(Object(Zend\Diactoros\ServerRequest), Object(Zend\Diactoros\Response))
#9 C:\Users\Jamilly\Desktop\Rafael\vao_fazer\vendor\cakephp\cakephp\src\Http\Runner.php(65): Cake\Error\Middleware\ErrorHandlerMiddleware->__invoke(Object(Zend\Diactoros\ServerRequest), Object(Zend\Diactoros\Response), Object(Cake\Http\Runner))
#10 C:\Users\Jamilly\Desktop\Rafael\vao_fazer\vendor\cakephp\cakephp\src\Http\Runner.php(51): Cake\Http\Runner->__invoke(Object(Zend\Diactoros\ServerRequest), Object(Zend\Diactoros\Response))
#11 C:\Users\Jamilly\Desktop\Rafael\vao_fazer\vendor\cakephp\cakephp\src\Http\Server.php(90): Cake\Http\Runner->run(Object(Cake\Http\MiddlewareQueue), Object(Zend\Diactoros\ServerRequest), Object(Zend\Diactoros\Response))
#12 C:\Users\Jamilly\Desktop\Rafael\vao_fazer\webroot\index.php(37): Cake\Http\Server->run()
#13 {main}


2016-12-29 15:22:23 Error: [Cake\Routing\Exception\MissingControllerException] Controller class Css could not be found.
Request URL: /css/base.css
Referer URL: http://localhost:8000/teste
Stack Trace:
#0 C:\Users\Jamilly\Desktop\Rafael\vao_fazer\vendor\cakephp\cakephp\src\Http\ControllerFactory.php(72): Cake\Http\ControllerFactory->missingController(Object(Cake\Network\Request))
#1 C:\Users\Jamilly\Desktop\Rafael\vao_fazer\vendor\cakephp\cakephp\src\Http\ActionDispatcher.php(92): Cake\Http\ControllerFactory->create(Object(Cake\Network\Request), Object(Cake\Network\Response))
#2 C:\Users\Jamilly\Desktop\Rafael\vao_fazer\vendor\cakephp\cakephp\src\Http\BaseApplication.php(83): Cake\Http\ActionDispatcher->dispatch(Object(Cake\Network\Request), Object(Cake\Network\Response))
#3 C:\Users\Jamilly\Desktop\Rafael\vao_fazer\vendor\cakephp\cakephp\src\Http\Runner.php(65): Cake\Http\BaseApplication->__invoke(Object(Zend\Diactoros\ServerRequest), Object(Zend\Diactoros\Response), Object(Cake\Http\Runner))
#4 C:\Users\Jamilly\Desktop\Rafael\vao_fazer\vendor\cakephp\cakephp\src\Routing\Middleware\RoutingMiddleware.php(62): Cake\Http\Runner->__invoke(Object(Zend\Diactoros\ServerRequest), Object(Zend\Diactoros\Response))
#5 C:\Users\Jamilly\Desktop\Rafael\vao_fazer\vendor\cakephp\cakephp\src\Http\Runner.php(65): Cake\Routing\Middleware\RoutingMiddleware->__invoke(Object(Zend\Diactoros\ServerRequest), Object(Zend\Diactoros\Response), Object(Cake\Http\Runner))
#6 C:\Users\Jamilly\Desktop\Rafael\vao_fazer\vendor\cakephp\cakephp\src\Routing\Middleware\AssetMiddleware.php(93): Cake\Http\Runner->__invoke(Object(Zend\Diactoros\ServerRequest), Object(Zend\Diactoros\Response))
#7 C:\Users\Jamilly\Desktop\Rafael\vao_fazer\vendor\cakephp\cakephp\src\Http\Runner.php(65): Cake\Routing\Middleware\AssetMiddleware->__invoke(Object(Zend\Diactoros\ServerRequest), Object(Zend\Diactoros\Response), Object(Cake\Http\Runner))
#8 C:\Users\Jamilly\Desktop\Rafael\vao_fazer\vendor\cakephp\cakephp\src\Error\Middleware\ErrorHandlerMiddleware.php(81): Cake\Http\Runner->__invoke(Object(Zend\Diactoros\ServerRequest), Object(Zend\Diactoros\Response))
#9 C:\Users\Jamilly\Desktop\Rafael\vao_fazer\vendor\cakephp\cakephp\src\Http\Runner.php(65): Cake\Error\Middleware\ErrorHandlerMiddleware->__invoke(Object(Zend\Diactoros\ServerRequest), Object(Zend\Diactoros\Response), Object(Cake\Http\Runner))
#10 C:\Users\Jamilly\Desktop\Rafael\vao_fazer\vendor\cakephp\cakephp\src\Http\Runner.php(51): Cake\Http\Runner->__invoke(Object(Zend\Diactoros\ServerRequest), Object(Zend\Diactoros\Response))
#11 C:\Users\Jamilly\Desktop\Rafael\vao_fazer\vendor\cakephp\cakephp\src\Http\Server.php(90): Cake\Http\Runner->run(Object(Cake\Http\MiddlewareQueue), Object(Zend\Diactoros\ServerRequest), Object(Zend\Diactoros\Response))
#12 C:\Users\Jamilly\Desktop\Rafael\vao_fazer\webroot\index.php(37): Cake\Http\Server->run()
#13 {main}


2016-12-29 15:22:24 Error: [Cake\Routing\Exception\MissingControllerException] Controller class Css could not be found.
Request URL: /css/cake.css
Referer URL: http://localhost:8000/teste
Stack Trace:
#0 C:\Users\Jamilly\Desktop\Rafael\vao_fazer\vendor\cakephp\cakephp\src\Http\ControllerFactory.php(72): Cake\Http\ControllerFactory->missingController(Object(Cake\Network\Request))
#1 C:\Users\Jamilly\Desktop\Rafael\vao_fazer\vendor\cakephp\cakephp\src\Http\ActionDispatcher.php(92): Cake\Http\ControllerFactory->create(Object(Cake\Network\Request), Object(Cake\Network\Response))
#2 C:\Users\Jamilly\Desktop\Rafael\vao_fazer\vendor\cakephp\cakephp\src\Http\BaseApplication.php(83): Cake\Http\ActionDispatcher->dispatch(Object(Cake\Network\Request), Object(Cake\Network\Response))
#3 C:\Users\Jamilly\Desktop\Rafael\vao_fazer\vendor\cakephp\cakephp\src\Http\Runner.php(65): Cake\Http\BaseApplication->__invoke(Object(Zend\Diactoros\ServerRequest), Object(Zend\Diactoros\Response), Object(Cake\Http\Runner))
#4 C:\Users\Jamilly\Desktop\Rafael\vao_fazer\vendor\cakephp\cakephp\src\Routing\Middleware\RoutingMiddleware.php(62): Cake\Http\Runner->__invoke(Object(Zend\Diactoros\ServerRequest), Object(Zend\Diactoros\Response))
#5 C:\Users\Jamilly\Desktop\Rafael\vao_fazer\vendor\cakephp\cakephp\src\Http\Runner.php(65): Cake\Routing\Middleware\RoutingMiddleware->__invoke(Object(Zend\Diactoros\ServerRequest), Object(Zend\Diactoros\Response), Object(Cake\Http\Runner))
#6 C:\Users\Jamilly\Desktop\Rafael\vao_fazer\vendor\cakephp\cakephp\src\Routing\Middleware\AssetMiddleware.php(93): Cake\Http\Runner->__invoke(Object(Zend\Diactoros\ServerRequest), Object(Zend\Diactoros\Response))
#7 C:\Users\Jamilly\Desktop\Rafael\vao_fazer\vendor\cakephp\cakephp\src\Http\Runner.php(65): Cake\Routing\Middleware\AssetMiddleware->__invoke(Object(Zend\Diactoros\ServerRequest), Object(Zend\Diactoros\Response), Object(Cake\Http\Runner))
#8 C:\Users\Jamilly\Desktop\Rafael\vao_fazer\vendor\cakephp\cakephp\src\Error\Middleware\ErrorHandlerMiddleware.php(81): Cake\Http\Runner->__invoke(Object(Zend\Diactoros\ServerRequest), Object(Zend\Diactoros\Response))
#9 C:\Users\Jamilly\Desktop\Rafael\vao_fazer\vendor\cakephp\cakephp\src\Http\Runner.php(65): Cake\Error\Middleware\ErrorHandlerMiddleware->__invoke(Object(Zend\Diactoros\ServerRequest), Object(Zend\Diactoros\Response), Object(Cake\Http\Runner))
#10 C:\Users\Jamilly\Desktop\Rafael\vao_fazer\vendor\cakephp\cakephp\src\Http\Runner.php(51): Cake\Http\Runner->__invoke(Object(Zend\Diactoros\ServerRequest), Object(Zend\Diactoros\Response))
#11 C:\Users\Jamilly\Desktop\Rafael\vao_fazer\vendor\cakephp\cakephp\src\Http\Server.php(90): Cake\Http\Runner->run(Object(Cake\Http\MiddlewareQueue), Object(Zend\Diactoros\ServerRequest), Object(Zend\Diactoros\Response))
#12 C:\Users\Jamilly\Desktop\Rafael\vao_fazer\webroot\index.php(37): Cake\Http\Server->run()
#13 {main}


